norbert@fedora ~/work/HRM-4108_sh_retention_fees $ time DEBUG=1 ./sh_retention_fees.sh -P 32 -t -l ./log
2020-10-29-01:39:34 92785 INFO: Started SH_RETENTION_FEES - args: -P 32 -t -l ./log
2020-10-29-01:39:34 92785 INFO: Using the following options
2020-10-29-01:39:34 92785 INFO: CONNECT_STRING: CGSYSADM/**********@T17BSCS
2020-10-29-01:39:34 92785 INFO:       MAXYEARS: 6
2020-10-29-01:39:34 92785 INFO:       MAXRECNO: 1000000000
2020-10-29-01:39:34 92785 INFO:   TRANPACKSIZE: 500
2020-10-29-01:39:34 92785 INFO:         OPMODE: ROLLBACK
2020-10-29-01:39:34 92785 INFO:    TMP_LOG_DIR: /tmp
2020-10-29-01:39:34 92785 INFO:  FINAL_LOG_DIR: ./log
2020-10-29-01:39:34 92785 INFO:      MAXPROCNO: 32
2020-10-29-01:39:34 92785 INFO:         PROCID: 0
2020-10-29-01:39:34 92785 INFO: Starting to prepare processes: 32
2020-10-29-01:39:34 92785 DEBUG/228: SQL: declare
	recs_del_fees_ohxact NUMBER := 0;
	recs_del_fees NUMBER := 0;
begin
	CGSYSADM.BCH_MAINTENANCE.CleanProcPrep(32, recs_del_fees_ohxact, recs_del_fees, 6, 500, 1000000000);
	dbms_output.put_line(recs_del_fees_ohxact || ', ' || recs_del_fees);
end;


2020-10-29-02:35:51 92785 WARN: Got Oracle error:  declare bch_maiteace doc log results sh_retetio_fees.sh sql test ERROR at lie 1: ORA-01555: sapshot too old: rollback segmet umber with ame "" too small ORA-06512: at "CGSYSADM.BCH_MAINTENANCE", lie 721 ORA-06512: at "CGSYSADM.BCH_MAINTENANCE", lie 791 ORA-06512: at lie 5
2020-10-29-02:35:52 92785 INFO: Forked process:  93181 0
2020-10-29-02:35:52 93181 INFO: Started SH_RETENTION_FEES - args: -P 32 -p 1 -t -l ./log
2020-10-29-02:35:52 93181 INFO: Using the following options
2020-10-29-02:35:52 92785 INFO: Forked process:  93186 0
2020-10-29-02:35:52 93186 INFO: Started SH_RETENTION_FEES - args: -P 32 -p 2 -t -l ./log
2020-10-29-02:35:52 93186 INFO: Using the following options
2020-10-29-02:35:52 92785 INFO: Forked process:  93195 0
2020-10-29-02:35:52 93181 INFO: CONNECT_STRING: CGSYSADM/**********@T17BSCS
2020-10-29-02:35:52 93195 INFO: Started SH_RETENTION_FEES - args: -P 32 -p 3 -t -l ./log
2020-10-29-02:35:52 92785 INFO: Forked process:  93206 0
2020-10-29-02:35:52 93186 INFO: CONNECT_STRING: CGSYSADM/**********@T17BSCS
2020-10-29-02:35:52 93195 INFO: Using the following options
2020-10-29-02:35:52 93181 INFO:       MAXYEARS: 6
2020-10-29-02:35:52 93206 INFO: Started SH_RETENTION_FEES - args: -P 32 -p 4 -t -l ./log
2020-10-29-02:35:52 93206 INFO: Using the following options
2020-10-29-02:35:52 92785 INFO: Forked process:  93221 0
2020-10-29-02:35:52 93186 INFO:       MAXYEARS: 6
2020-10-29-02:35:52 93181 INFO:       MAXRECNO: 1000000000
2020-10-29-02:35:52 93221 INFO: Started SH_RETENTION_FEES - args: -P 32 -p 5 -t -l ./log
2020-10-29-02:35:52 92785 INFO: Forked process:  93237 0
2020-10-29-02:35:52 93186 INFO:       MAXRECNO: 1000000000
2020-10-29-02:35:52 93195 INFO: CONNECT_STRING: CGSYSADM/**********@T17BSCS
2020-10-29-02:35:52 93206 INFO: CONNECT_STRING: CGSYSADM/**********@T17BSCS
2020-10-29-02:35:52 93237 INFO: Started SH_RETENTION_FEES - args: -P 32 -p 6 -t -l ./log
2020-10-29-02:35:52 93221 INFO: Using the following options
2020-10-29-02:35:52 93195 INFO:       MAXYEARS: 6
2020-10-29-02:35:52 92785 INFO: Forked process:  93255 0
2020-10-29-02:35:52 93181 INFO:   TRANPACKSIZE: 500
2020-10-29-02:35:52 93206 INFO:       MAXYEARS: 6
2020-10-29-02:35:52 93186 INFO:   TRANPACKSIZE: 500
2020-10-29-02:35:52 93255 INFO: Started SH_RETENTION_FEES - args: -P 32 -p 7 -t -l ./log
2020-10-29-02:35:52 93195 INFO:       MAXRECNO: 1000000000
2020-10-29-02:35:52 93237 INFO: Using the following options
2020-10-29-02:35:52 93181 INFO:         OPMODE: ROLLBACK
2020-10-29-02:35:52 92785 INFO: Forked process:  93273 0
2020-10-29-02:35:52 93255 INFO: Using the following options
2020-10-29-02:35:52 93221 INFO: CONNECT_STRING: CGSYSADM/**********@T17BSCS
2020-10-29-02:35:52 93237 INFO: CONNECT_STRING: CGSYSADM/**********@T17BSCS
2020-10-29-02:35:52 93181 INFO:    TMP_LOG_DIR: /tmp
2020-10-29-02:35:52 93273 INFO: Started SH_RETENTION_FEES - args: -P 32 -p 8 -t -l ./log
2020-10-29-02:35:52 93195 INFO:   TRANPACKSIZE: 500
2020-10-29-02:35:52 93186 INFO:         OPMODE: ROLLBACK
2020-10-29-02:35:52 92785 INFO: Forked process:  93296 0
2020-10-29-02:35:52 93296 INFO: Started SH_RETENTION_FEES - args: -P 32 -p 9 -t -l ./log
2020-10-29-02:35:52 93195 INFO:         OPMODE: ROLLBACK
2020-10-29-02:35:52 93255 INFO: CONNECT_STRING: CGSYSADM/**********@T17BSCS
2020-10-29-02:35:52 93237 INFO:       MAXYEARS: 6
2020-10-29-02:35:52 93206 INFO:       MAXRECNO: 1000000000
2020-10-29-02:35:52 93181 INFO:  FINAL_LOG_DIR: ./log
2020-10-29-02:35:52 93221 INFO:       MAXYEARS: 6
2020-10-29-02:35:52 93186 INFO:    TMP_LOG_DIR: /tmp
2020-10-29-02:35:52 93273 INFO: Using the following options
2020-10-29-02:35:52 93296 INFO: Using the following options
2020-10-29-02:35:52 93237 INFO:       MAXRECNO: 1000000000
2020-10-29-02:35:52 93255 INFO:       MAXYEARS: 6
2020-10-29-02:35:52 93206 INFO:   TRANPACKSIZE: 500
2020-10-29-02:35:52 93186 INFO:  FINAL_LOG_DIR: ./log
2020-10-29-02:35:52 93331 INFO: Started SH_RETENTION_FEES - args: -P 32 -p 10 -t -l ./log
2020-10-29-02:35:52 92785 INFO: Forked process:  93331 0
2020-10-29-02:35:52 93195 INFO:    TMP_LOG_DIR: /tmp
2020-10-29-02:35:52 93181 INFO:      MAXPROCNO: 32
2020-10-29-02:35:52 93221 INFO:       MAXRECNO: 1000000000
2020-10-29-02:35:52 93255 INFO:       MAXRECNO: 1000000000
2020-10-29-02:35:52 93195 INFO:  FINAL_LOG_DIR: ./log
2020-10-29-02:35:52 93237 INFO:   TRANPACKSIZE: 500
2020-10-29-02:35:52 93186 INFO:      MAXPROCNO: 32
2020-10-29-02:35:52 93331 INFO: Using the following options
2020-10-29-02:35:52 93206 INFO:         OPMODE: ROLLBACK
2020-10-29-02:35:52 92785 INFO: Forked process:  93374 0
2020-10-29-02:35:52 93221 INFO:   TRANPACKSIZE: 500
2020-10-29-02:35:52 93296 INFO: CONNECT_STRING: CGSYSADM/**********@T17BSCS
2020-10-29-02:35:52 93273 INFO: CONNECT_STRING: CGSYSADM/**********@T17BSCS
2020-10-29-02:35:52 93195 INFO:      MAXPROCNO: 32
2020-10-29-02:35:52 93181 INFO:         PROCID: 1
2020-10-29-02:35:52 93255 INFO:   TRANPACKSIZE: 500
2020-10-29-02:35:52 93374 INFO: Started SH_RETENTION_FEES - args: -P 32 -p 11 -t -l ./log
2020-10-29-02:35:52 93186 INFO:         PROCID: 2
2020-10-29-02:35:52 93206 INFO:    TMP_LOG_DIR: /tmp
2020-10-29-02:35:52 93181 INFO:        VERBOSE: 0
2020-10-29-02:35:52 93296 INFO:       MAXYEARS: 6
2020-10-29-02:35:52 93331 INFO: CONNECT_STRING: CGSYSADM/**********@T17BSCS
2020-10-29-02:35:52 92785 INFO: Forked process:  93411 0
2020-10-29-02:35:52 93273 INFO:       MAXYEARS: 6
2020-10-29-02:35:52 93374 INFO: Using the following options
2020-10-29-02:35:52 93411 INFO: Started SH_RETENTION_FEES - args: -P 32 -p 12 -t -l ./log
2020-10-29-02:35:52 93195 INFO:         PROCID: 3
2020-10-29-02:35:52 93255 INFO:         OPMODE: ROLLBACK
2020-10-29-02:35:52 93237 INFO:         OPMODE: ROLLBACK
2020-10-29-02:35:52 93206 INFO:  FINAL_LOG_DIR: ./log
2020-10-29-02:35:52 93221 INFO:         OPMODE: ROLLBACK
2020-10-29-02:35:52 93451 INFO: Started SH_RETENTION_FEES - args: -P 32 -p 13 -t -l ./log
2020-10-29-02:35:52 93331 INFO:       MAXYEARS: 6
2020-10-29-02:35:52 93255 INFO:    TMP_LOG_DIR: /tmp
2020-10-29-02:35:52 93411 INFO: Using the following options
2020-10-29-02:35:52 93296 INFO:       MAXRECNO: 1000000000
2020-10-29-02:35:52 93181 INFO:  CALLCLEANPROC: CleanBulk
2020-10-29-02:35:52 93374 INFO: CONNECT_STRING: CGSYSADM/**********@T17BSCS
2020-10-29-02:35:52 93195 INFO:        VERBOSE: 0
2020-10-29-02:35:52 92785 INFO: Forked process:  93451 0
2020-10-29-02:35:52 93296 INFO:   TRANPACKSIZE: 500
2020-10-29-02:35:52 93186 INFO:        VERBOSE: 0
2020-10-29-02:35:52 93237 INFO:    TMP_LOG_DIR: /tmp
2020-10-29-02:35:52 93255 INFO:  FINAL_LOG_DIR: ./log
2020-10-29-02:35:52 93331 INFO:       MAXRECNO: 1000000000
2020-10-29-02:35:52 93186 INFO:  CALLCLEANPROC: CleanBulk
2020-10-29-02:35:52 93296 INFO:         OPMODE: ROLLBACK
2020-10-29-02:35:52 93273 INFO:       MAXRECNO: 1000000000
2020-10-29-02:35:52 93206 INFO:      MAXPROCNO: 32
2020-10-29-02:35:52 93411 INFO: CONNECT_STRING: CGSYSADM/**********@T17BSCS
2020-10-29-02:35:52 93181 INFO: Starting process: 1
2020-10-29-02:35:52 93255 INFO:      MAXPROCNO: 32
2020-10-29-02:35:52 92785 INFO: Forked process:  93496 0
2020-10-29-02:35:52 93195 INFO:  CALLCLEANPROC: CleanBulk
2020-10-29-02:35:52 93237 INFO:  FINAL_LOG_DIR: ./log
2020-10-29-02:35:52 93221 INFO:    TMP_LOG_DIR: /tmp
2020-10-29-02:35:52 93186 INFO: Starting process: 2
2020-10-29-02:35:52 93206 INFO:         PROCID: 4
2020-10-29-02:35:52 93331 INFO:   TRANPACKSIZE: 500
2020-10-29-02:35:52 93451 INFO: Using the following options
2020-10-29-02:35:52 93496 INFO: Started SH_RETENTION_FEES - args: -P 32 -p 14 -t -l ./log
2020-10-29-02:35:52 93296 INFO:    TMP_LOG_DIR: /tmp
2020-10-29-02:35:52 93181 DEBUG/229: SQL: declare
	recs_del_fees_ohxact NUMBER := 0;
	recs_del_fees NUMBER := 0;
begin
	CGSYSADM.BCH_MAINTENANCE.CleanProcRun(1, recs_del_fees_ohxact, recs_del_fees, 'ROLLBACK', 500);
	dbms_output.put_line(recs_del_fees_ohxact || ', ' || recs_del_fees);
end;

2020-10-29-02:35:52 93411 INFO:       MAXYEARS: 6
2020-10-29-02:35:52 93273 INFO:   TRANPACKSIZE: 500
2020-10-29-02:35:52 93221 INFO:  FINAL_LOG_DIR: ./log
2020-10-29-02:35:52 93186 DEBUG/229: SQL: declare
	recs_del_fees_ohxact NUMBER := 0;
	recs_del_fees NUMBER := 0;
begin
	CGSYSADM.BCH_MAINTENANCE.CleanProcRun(2, recs_del_fees_ohxact, recs_del_fees, 'ROLLBACK', 500);
	dbms_output.put_line(recs_del_fees_ohxact || ', ' || recs_del_fees);
end;

2020-10-29-02:35:52 93374 INFO:       MAXYEARS: 6
2020-10-29-02:35:52 93543 INFO: Started SH_RETENTION_FEES - args: -P 32 -p 15 -t -l ./log
2020-10-29-02:35:52 93195 INFO: Starting process: 3
2020-10-29-02:35:52 93255 INFO:         PROCID: 7
2020-10-29-02:35:52 93237 INFO:      MAXPROCNO: 32
2020-10-29-02:35:52 93451 INFO: CONNECT_STRING: CGSYSADM/**********@T17BSCS
2020-10-29-02:35:52 93331 INFO:         OPMODE: ROLLBACK
2020-10-29-02:35:52 93374 INFO:       MAXRECNO: 1000000000
2020-10-29-02:35:52 93206 INFO:        VERBOSE: 0
2020-10-29-02:35:52 93496 INFO: Using the following options
2020-10-29-02:35:52 93255 INFO:        VERBOSE: 0
2020-10-29-02:35:52 92785 INFO: Forked process:  93543 0
2020-10-29-02:35:52 93411 INFO:       MAXRECNO: 1000000000
2020-10-29-02:35:52 93543 INFO: Using the following options
2020-10-29-02:35:52 93331 INFO:    TMP_LOG_DIR: /tmp
2020-10-29-02:35:52 93273 INFO:         OPMODE: ROLLBACK
2020-10-29-02:35:52 93296 INFO:  FINAL_LOG_DIR: ./log
2020-10-29-02:35:52 93374 INFO:   TRANPACKSIZE: 500
2020-10-29-02:35:52 93206 INFO:  CALLCLEANPROC: CleanBulk
2020-10-29-02:35:52 93221 INFO:      MAXPROCNO: 32
2020-10-29-02:35:52 93237 INFO:         PROCID: 6
2020-10-29-02:35:52 93451 INFO:       MAXYEARS: 6
2020-10-29-02:35:52 93411 INFO:   TRANPACKSIZE: 500
2020-10-29-02:35:52 92785 INFO: Forked process:  93632 0
2020-10-29-02:35:52 93331 INFO:  FINAL_LOG_DIR: ./log
2020-10-29-02:35:52 93195 DEBUG/229: SQL: declare
	recs_del_fees_ohxact NUMBER := 0;
	recs_del_fees NUMBER := 0;
begin
	CGSYSADM.BCH_MAINTENANCE.CleanProcRun(3, recs_del_fees_ohxact, recs_del_fees, 'ROLLBACK', 500);
	dbms_output.put_line(recs_del_fees_ohxact || ', ' || recs_del_fees);
end;

2020-10-29-02:35:52 93237 INFO:        VERBOSE: 0
2020-10-29-02:35:52 93632 INFO: Started SH_RETENTION_FEES - args: -P 32 -p 16 -t -l ./log
2020-10-29-02:35:52 93206 INFO: Starting process: 4
2020-10-29-02:35:52 93296 INFO:      MAXPROCNO: 32
2020-10-29-02:35:52 93255 INFO:  CALLCLEANPROC: CleanBulk
2020-10-29-02:35:52 93221 INFO:         PROCID: 5
2020-10-29-02:35:52 93451 INFO:       MAXRECNO: 1000000000
2020-10-29-02:35:52 93374 INFO:         OPMODE: ROLLBACK
2020-10-29-02:35:52 93331 INFO:      MAXPROCNO: 32
2020-10-29-02:35:52 93543 INFO: CONNECT_STRING: CGSYSADM/**********@T17BSCS
2020-10-29-02:35:52 93496 INFO: CONNECT_STRING: CGSYSADM/**********@T17BSCS
2020-10-29-02:35:52 93273 INFO:    TMP_LOG_DIR: /tmp
2020-10-29-02:35:52 93411 INFO:         OPMODE: ROLLBACK
2020-10-29-02:35:52 92785 INFO: Forked process:  93686 0
2020-10-29-02:35:52 93296 INFO:         PROCID: 9
2020-10-29-02:35:52 93411 INFO:    TMP_LOG_DIR: /tmp
2020-10-29-02:35:52 93632 INFO: Using the following options
2020-10-29-02:35:52 93237 INFO:  CALLCLEANPROC: CleanBulk
2020-10-29-02:35:52 93451 INFO:   TRANPACKSIZE: 500
2020-10-29-02:35:52 93374 INFO:    TMP_LOG_DIR: /tmp
2020-10-29-02:35:52 93273 INFO:  FINAL_LOG_DIR: ./log
2020-10-29-02:35:52 93237 INFO: Starting process: 6
2020-10-29-02:35:52 93686 INFO: Started SH_RETENTION_FEES - args: -P 32 -p 17 -t -l ./log
2020-10-29-02:35:52 93496 INFO:       MAXYEARS: 6
2020-10-29-02:35:52 93543 INFO:       MAXYEARS: 6
2020-10-29-02:35:52 93632 INFO: CONNECT_STRING: CGSYSADM/**********@T17BSCS
2020-10-29-02:35:52 93331 INFO:         PROCID: 10
2020-10-29-02:35:52 93255 INFO: Starting process: 7
2020-10-29-02:35:52 93221 INFO:        VERBOSE: 0
2020-10-29-02:35:52 93206 DEBUG/229: SQL: declare
	recs_del_fees_ohxact NUMBER := 0;
	recs_del_fees NUMBER := 0;
begin
	CGSYSADM.BCH_MAINTENANCE.CleanProcRun(4, recs_del_fees_ohxact, recs_del_fees, 'ROLLBACK', 500);
	dbms_output.put_line(recs_del_fees_ohxact || ', ' || recs_del_fees);
end;

2020-10-29-02:35:52 93704 INFO: Started SH_RETENTION_FEES - args: -P 32 -p 18 -t -l ./log
2020-10-29-02:35:52 93451 INFO:         OPMODE: ROLLBACK
2020-10-29-02:35:52 93296 INFO:        VERBOSE: 0
2020-10-29-02:35:52 92785 INFO: Forked process:  93704 0
2020-10-29-02:35:52 93411 INFO:  FINAL_LOG_DIR: ./log
2020-10-29-02:35:52 93374 INFO:  FINAL_LOG_DIR: ./log
2020-10-29-02:35:52 93543 INFO:       MAXRECNO: 1000000000
2020-10-29-02:35:52 93451 INFO:    TMP_LOG_DIR: /tmp
2020-10-29-02:35:52 93237 DEBUG/229: SQL: declare
	recs_del_fees_ohxact NUMBER := 0;
	recs_del_fees NUMBER := 0;
begin
	CGSYSADM.BCH_MAINTENANCE.CleanProcRun(6, recs_del_fees_ohxact, recs_del_fees, 'ROLLBACK', 500);
	dbms_output.put_line(recs_del_fees_ohxact || ', ' || recs_del_fees);
end;

2020-10-29-02:35:52 93632 INFO:       MAXYEARS: 6
2020-10-29-02:35:52 92785 INFO: Forked process:  93762 0
2020-10-29-02:35:52 93686 INFO: Using the following options
2020-10-29-02:35:52 93255 DEBUG/229: SQL: declare
	recs_del_fees_ohxact NUMBER := 0;
	recs_del_fees NUMBER := 0;
begin
	CGSYSADM.BCH_MAINTENANCE.CleanProcRun(7, recs_del_fees_ohxact, recs_del_fees, 'ROLLBACK', 500);
	dbms_output.put_line(recs_del_fees_ohxact || ', ' || recs_del_fees);
end;

2020-10-29-02:35:52 93411 INFO:      MAXPROCNO: 32
2020-10-29-02:35:52 93374 INFO:      MAXPROCNO: 32
2020-10-29-02:35:52 93762 INFO: Started SH_RETENTION_FEES - args: -P 32 -p 19 -t -l ./log
2020-10-29-02:35:52 93273 INFO:      MAXPROCNO: 32
2020-10-29-02:35:52 92785 INFO: Forked process:  93795 0
2020-10-29-02:35:52 93221 INFO:  CALLCLEANPROC: CleanBulk
2020-10-29-02:35:52 93451 INFO:  FINAL_LOG_DIR: ./log
2020-10-29-02:35:52 93296 INFO:  CALLCLEANPROC: CleanBulk
2020-10-29-02:35:52 93496 INFO:       MAXRECNO: 1000000000
2020-10-29-02:35:52 93704 INFO: Using the following options
2020-10-29-02:35:52 93331 INFO:        VERBOSE: 0
2020-10-29-02:35:52 93543 INFO:   TRANPACKSIZE: 500
2020-10-29-02:35:52 93411 INFO:         PROCID: 12
2020-10-29-02:35:52 93686 INFO: CONNECT_STRING: CGSYSADM/**********@T17BSCS
2020-10-29-02:35:52 93762 INFO: Using the following options
2020-10-29-02:35:52 93374 INFO:         PROCID: 11
2020-10-29-02:35:52 93795 INFO: Started SH_RETENTION_FEES - args: -P 32 -p 20 -t -l ./log
2020-10-29-02:35:52 93273 INFO:         PROCID: 8
2020-10-29-02:35:52 92785 INFO: Forked process:  93826 0
2020-10-29-02:35:52 93451 INFO:      MAXPROCNO: 32
2020-10-29-02:35:52 93632 INFO:       MAXRECNO: 1000000000
2020-10-29-02:35:52 93221 INFO: Starting process: 5
2020-10-29-02:35:52 93296 INFO: Starting process: 9
2020-10-29-02:35:52 93411 INFO:        VERBOSE: 0
2020-10-29-02:35:52 93496 INFO:   TRANPACKSIZE: 500
2020-10-29-02:35:52 93686 INFO:       MAXYEARS: 6
2020-10-29-02:35:52 93543 INFO:         OPMODE: ROLLBACK
2020-10-29-02:35:52 93221 DEBUG/229: SQL: declare
	recs_del_fees_ohxact NUMBER := 0;
	recs_del_fees NUMBER := 0;
begin
	CGSYSADM.BCH_MAINTENANCE.CleanProcRun(5, recs_del_fees_ohxact, recs_del_fees, 'ROLLBACK', 500);
	dbms_output.put_line(recs_del_fees_ohxact || ', ' || recs_del_fees);
end;

2020-10-29-02:35:52 93331 INFO:  CALLCLEANPROC: CleanBulk
2020-10-29-02:35:52 93762 INFO: CONNECT_STRING: CGSYSADM/**********@T17BSCS
2020-10-29-02:35:52 93826 INFO: Started SH_RETENTION_FEES - args: -P 32 -p 21 -t -l ./log
2020-10-29-02:35:52 93866 INFO: Started SH_RETENTION_FEES - args: -P 32 -p 22 -t -l ./log
2020-10-29-02:35:52 93632 INFO:   TRANPACKSIZE: 500
2020-10-29-02:35:52 93704 INFO: CONNECT_STRING: CGSYSADM/**********@T17BSCS
2020-10-29-02:35:52 92785 INFO: Forked process:  93866 0
2020-10-29-02:35:52 93273 INFO:        VERBOSE: 0
2020-10-29-02:35:52 93451 INFO:         PROCID: 13
2020-10-29-02:35:52 93296 DEBUG/229: SQL: declare
	recs_del_fees_ohxact NUMBER := 0;
	recs_del_fees NUMBER := 0;
begin
	CGSYSADM.BCH_MAINTENANCE.CleanProcRun(9, recs_del_fees_ohxact, recs_del_fees, 'ROLLBACK', 500);
	dbms_output.put_line(recs_del_fees_ohxact || ', ' || recs_del_fees);
end;

2020-10-29-02:35:52 93374 INFO:        VERBOSE: 0
2020-10-29-02:35:52 93686 INFO:       MAXRECNO: 1000000000
2020-10-29-02:35:52 93543 INFO:    TMP_LOG_DIR: /tmp
2020-10-29-02:35:52 93762 INFO:       MAXYEARS: 6
2020-10-29-02:35:52 93795 INFO: Using the following options
2020-10-29-02:35:52 93496 INFO:         OPMODE: ROLLBACK
2020-10-29-02:35:52 93411 INFO:  CALLCLEANPROC: CleanBulk
2020-10-29-02:35:52 93704 INFO:       MAXYEARS: 6
2020-10-29-02:35:52 93866 INFO: Using the following options
2020-10-29-02:35:52 93826 INFO: Using the following options
2020-10-29-02:35:52 92785 INFO: Forked process:  93911 0
2020-10-29-02:35:53 93686 INFO:   TRANPACKSIZE: 500
2020-10-29-02:35:53 93273 INFO:  CALLCLEANPROC: CleanBulk
2020-10-29-02:35:52 93451 INFO:        VERBOSE: 0
2020-10-29-02:35:53 93543 INFO:  FINAL_LOG_DIR: ./log
2020-10-29-02:35:53 93374 INFO:  CALLCLEANPROC: CleanBulk
2020-10-29-02:35:53 93762 INFO:       MAXRECNO: 1000000000
2020-10-29-02:35:53 93632 INFO:         OPMODE: ROLLBACK
2020-10-29-02:35:53 93911 INFO: Started SH_RETENTION_FEES - args: -P 32 -p 23 -t -l ./log
2020-10-29-02:35:53 93543 INFO:      MAXPROCNO: 32
2020-10-29-02:35:53 93704 INFO:       MAXRECNO: 1000000000
2020-10-29-02:35:53 93762 INFO:   TRANPACKSIZE: 500
2020-10-29-02:35:53 93451 INFO:  CALLCLEANPROC: CleanBulk
2020-10-29-02:35:53 93952 INFO: Started SH_RETENTION_FEES - args: -P 32 -p 24 -t -l ./log
2020-10-29-02:35:53 93496 INFO:    TMP_LOG_DIR: /tmp
2020-10-29-02:35:53 93795 INFO: CONNECT_STRING: CGSYSADM/**********@T17BSCS
2020-10-29-02:35:53 93866 INFO: CONNECT_STRING: CGSYSADM/**********@T17BSCS
2020-10-29-02:35:53 93411 INFO: Starting process: 12
2020-10-29-02:35:53 93331 INFO: Starting process: 10
2020-10-29-02:35:53 93911 INFO: Using the following options
2020-10-29-02:35:53 93543 INFO:         PROCID: 15
2020-10-29-02:35:53 92785 INFO: Forked process:  93952 0
2020-10-29-02:35:53 93686 INFO:         OPMODE: ROLLBACK
2020-10-29-02:35:53 93273 INFO: Starting process: 8
2020-10-29-02:35:53 93374 INFO: Starting process: 11
2020-10-29-02:35:53 93826 INFO: CONNECT_STRING: CGSYSADM/**********@T17BSCS
2020-10-29-02:35:53 93451 INFO: Starting process: 13
2020-10-29-02:35:53 93795 INFO:       MAXYEARS: 6
2020-10-29-02:35:53 93543 INFO:        VERBOSE: 0
2020-10-29-02:35:53 93632 INFO:    TMP_LOG_DIR: /tmp
2020-10-29-02:35:53 93273 DEBUG/229: SQL: declare
	recs_del_fees_ohxact NUMBER := 0;
	recs_del_fees NUMBER := 0;
begin
	CGSYSADM.BCH_MAINTENANCE.CleanProcRun(8, recs_del_fees_ohxact, recs_del_fees, 'ROLLBACK', 500);
	dbms_output.put_line(recs_del_fees_ohxact || ', ' || recs_del_fees);
end;

2020-10-29-02:35:53 93795 INFO:       MAXRECNO: 1000000000
2020-10-29-02:35:53 93411 DEBUG/229: SQL: declare
	recs_del_fees_ohxact NUMBER := 0;
	recs_del_fees NUMBER := 0;
begin
	CGSYSADM.BCH_MAINTENANCE.CleanProcRun(12, recs_del_fees_ohxact, recs_del_fees, 'ROLLBACK', 500);
	dbms_output.put_line(recs_del_fees_ohxact || ', ' || recs_del_fees);
end;

2020-10-29-02:35:53 93952 INFO: Using the following options
2020-10-29-02:35:53 93496 INFO:  FINAL_LOG_DIR: ./log
2020-10-29-02:35:53 93704 INFO:   TRANPACKSIZE: 500
2020-10-29-02:35:53 93866 INFO:       MAXYEARS: 6
2020-10-29-02:35:53 93911 INFO: CONNECT_STRING: CGSYSADM/**********@T17BSCS
2020-10-29-02:35:53 93374 DEBUG/229: SQL: declare
	recs_del_fees_ohxact NUMBER := 0;
	recs_del_fees NUMBER := 0;
begin
	CGSYSADM.BCH_MAINTENANCE.CleanProcRun(11, recs_del_fees_ohxact, recs_del_fees, 'ROLLBACK', 500);
	dbms_output.put_line(recs_del_fees_ohxact || ', ' || recs_del_fees);
end;

2020-10-29-02:35:53 94014 INFO: Started SH_RETENTION_FEES - args: -P 32 -p 25 -t -l ./log
2020-10-29-02:35:53 93686 INFO:    TMP_LOG_DIR: /tmp
2020-10-29-02:35:53 93826 INFO:       MAXYEARS: 6
2020-10-29-02:35:53 93762 INFO:         OPMODE: ROLLBACK
2020-10-29-02:35:53 92785 INFO: Forked process:  94014 0
2020-10-29-02:35:53 93795 INFO:   TRANPACKSIZE: 500
2020-10-29-02:35:53 93632 INFO:  FINAL_LOG_DIR: ./log
2020-10-29-02:35:53 93451 DEBUG/229: SQL: declare
	recs_del_fees_ohxact NUMBER := 0;
2020-10-29-02:35:53 93686 INFO:  FINAL_LOG_DIR: ./log
2020-10-29-02:35:53 94014 INFO: Using the following options
	recs_del_fees NUMBER := 0;
begin
	CGSYSADM.BCH_MAINTENANCE.CleanProcRun(13, recs_del_fees_ohxact, recs_del_fees, 'ROLLBACK', 500);
	dbms_output.put_line(recs_del_fees_ohxact || ', ' || recs_del_fees);
end;

2020-10-29-02:35:53 92785 INFO: Forked process:  94091 0
2020-10-29-02:35:53 93866 INFO:       MAXRECNO: 1000000000
2020-10-29-02:35:53 93826 INFO:       MAXRECNO: 1000000000
2020-10-29-02:35:53 93704 INFO:         OPMODE: ROLLBACK
2020-10-29-02:35:53 93911 INFO:       MAXYEARS: 6
2020-10-29-02:35:53 93496 INFO:      MAXPROCNO: 32
2020-10-29-02:35:53 93543 INFO:  CALLCLEANPROC: CleanBulk
2020-10-29-02:35:53 93762 INFO:    TMP_LOG_DIR: /tmp
2020-10-29-02:35:53 93331 DEBUG/229: SQL: declare
	recs_del_fees_ohxact NUMBER := 0;
	recs_del_fees NUMBER := 0;
begin
	CGSYSADM.BCH_MAINTENANCE.CleanProcRun(10, recs_del_fees_ohxact, recs_del_fees, 'ROLLBACK', 500);
	dbms_output.put_line(recs_del_fees_ohxact || ', ' || recs_del_fees);
end;

2020-10-29-02:35:53 94091 INFO: Started SH_RETENTION_FEES - args: -P 32 -p 26 -t -l ./log
2020-10-29-02:35:53 93632 INFO:      MAXPROCNO: 32
2020-10-29-02:35:53 93952 INFO: CONNECT_STRING: CGSYSADM/**********@T17BSCS
2020-10-29-02:35:53 94014 INFO: CONNECT_STRING: CGSYSADM/**********@T17BSCS
2020-10-29-02:35:53 93795 INFO:         OPMODE: ROLLBACK
2020-10-29-02:35:53 93866 INFO:   TRANPACKSIZE: 500
2020-10-29-02:35:53 93543 INFO: Starting process: 15
2020-10-29-02:35:53 93686 INFO:      MAXPROCNO: 32
2020-10-29-02:35:53 93911 INFO:       MAXRECNO: 1000000000
2020-10-29-02:35:53 93496 INFO:         PROCID: 14
2020-10-29-02:35:53 94091 INFO: Using the following options
2020-10-29-02:35:53 93762 INFO:  FINAL_LOG_DIR: ./log
2020-10-29-02:35:53 93952 INFO:       MAXYEARS: 6
2020-10-29-02:35:53 93704 INFO:    TMP_LOG_DIR: /tmp
2020-10-29-02:35:53 93632 INFO:         PROCID: 16
2020-10-29-02:35:53 93866 INFO:         OPMODE: ROLLBACK
2020-10-29-02:35:53 94014 INFO:       MAXYEARS: 6
2020-10-29-02:35:53 92785 INFO: Forked process:  94133 0
2020-10-29-02:35:53 93543 DEBUG/229: SQL: declare
	recs_del_fees_ohxact NUMBER := 0;
	recs_del_fees NUMBER := 0;
begin
	CGSYSADM.BCH_MAINTENANCE.CleanProcRun(15, recs_del_fees_ohxact, recs_del_fees, 'ROLLBACK', 500);
	dbms_output.put_line(recs_del_fees_ohxact || ', ' || recs_del_fees);
end;

2020-10-29-02:35:53 93686 INFO:         PROCID: 17
2020-10-29-02:35:53 93826 INFO:   TRANPACKSIZE: 500
2020-10-29-02:35:53 93496 INFO:        VERBOSE: 0
2020-10-29-02:35:53 93795 INFO:    TMP_LOG_DIR: /tmp
2020-10-29-02:35:53 93632 INFO:        VERBOSE: 0
2020-10-29-02:35:53 93952 INFO:       MAXRECNO: 1000000000
2020-10-29-02:35:53 93704 INFO:  FINAL_LOG_DIR: ./log
2020-10-29-02:35:53 94014 INFO:       MAXRECNO: 1000000000
2020-10-29-02:35:53 93762 INFO:      MAXPROCNO: 32
2020-10-29-02:35:53 93496 INFO:  CALLCLEANPROC: CleanBulk
2020-10-29-02:35:53 93911 INFO:   TRANPACKSIZE: 500
2020-10-29-02:35:53 94190 INFO: Started SH_RETENTION_FEES - args: -P 32 -p 28 -t -l ./log
2020-10-29-02:35:53 93866 INFO:    TMP_LOG_DIR: /tmp
2020-10-29-02:35:53 94014 INFO:   TRANPACKSIZE: 500
2020-10-29-02:35:53 92785 INFO: Forked process:  94190 0
2020-10-29-02:35:53 93826 INFO:         OPMODE: ROLLBACK
2020-10-29-02:35:53 93632 INFO:  CALLCLEANPROC: CleanBulk
2020-10-29-02:35:53 93704 INFO:      MAXPROCNO: 32
2020-10-29-02:35:53 94133 INFO: Started SH_RETENTION_FEES - args: -P 32 -p 27 -t -l ./log
2020-10-29-02:35:53 94190 INFO: Using the following options
2020-10-29-02:35:53 93911 INFO:         OPMODE: ROLLBACK
2020-10-29-02:35:53 93762 INFO:         PROCID: 19
2020-10-29-02:35:53 93686 INFO:        VERBOSE: 0
2020-10-29-02:35:53 93496 INFO: Starting process: 14
2020-10-29-02:35:53 93704 INFO:         PROCID: 18
2020-10-29-02:35:53 94091 INFO: CONNECT_STRING: CGSYSADM/**********@T17BSCS
2020-10-29-02:35:53 93952 INFO:   TRANPACKSIZE: 500
2020-10-29-02:35:53 94014 INFO:         OPMODE: ROLLBACK
2020-10-29-02:35:53 93866 INFO:  FINAL_LOG_DIR: ./log
2020-10-29-02:35:53 92785 INFO: Forked process:  94243 0
2020-10-29-02:35:53 93826 INFO:    TMP_LOG_DIR: /tmp
2020-10-29-02:35:53 94243 INFO: Started SH_RETENTION_FEES - args: -P 32 -p 29 -t -l ./log
2020-10-29-02:35:53 93762 INFO:        VERBOSE: 0
2020-10-29-02:35:53 94133 INFO: Using the following options
2020-10-29-02:35:53 93795 INFO:  FINAL_LOG_DIR: ./log
2020-10-29-02:35:53 93911 INFO:    TMP_LOG_DIR: /tmp
2020-10-29-02:35:53 93686 INFO:  CALLCLEANPROC: CleanBulk
2020-10-29-02:35:53 93496 DEBUG/229: SQL: declare
	recs_del_fees_ohxact NUMBER := 0;
	recs_del_fees NUMBER := 0;
begin
	CGSYSADM.BCH_MAINTENANCE.CleanProcRun(14, recs_del_fees_ohxact, recs_del_fees, 'ROLLBACK', 500);
	dbms_output.put_line(recs_del_fees_ohxact || ', ' || recs_del_fees);
end;

2020-10-29-02:35:53 93632 INFO: Starting process: 16
2020-10-29-02:35:53 93952 INFO:         OPMODE: ROLLBACK
2020-10-29-02:35:53 94190 INFO: CONNECT_STRING: CGSYSADM/**********@T17BSCS
2020-10-29-02:35:53 94014 INFO:    TMP_LOG_DIR: /tmp
2020-10-29-02:35:53 94091 INFO:       MAXYEARS: 6
2020-10-29-02:35:53 93795 INFO:      MAXPROCNO: 32
2020-10-29-02:35:53 93826 INFO:  FINAL_LOG_DIR: ./log
2020-10-29-02:35:53 93704 INFO:        VERBOSE: 0
2020-10-29-02:35:53 93762 INFO:  CALLCLEANPROC: CleanBulk
2020-10-29-02:35:53 93632 DEBUG/229: SQL: declare
	recs_del_fees_ohxact NUMBER := 0;
	recs_del_fees NUMBER := 0;
begin
	CGSYSADM.BCH_MAINTENANCE.CleanProcRun(16, recs_del_fees_ohxact, recs_del_fees, 'ROLLBACK', 500);
	dbms_output.put_line(recs_del_fees_ohxact || ', ' || recs_del_fees);
end;

2020-10-29-02:35:53 94295 INFO: Started SH_RETENTION_FEES - args: -P 32 -p 30 -t -l ./log
2020-10-29-02:35:53 94243 INFO: Using the following options
2020-10-29-02:35:53 94190 INFO:       MAXYEARS: 6
2020-10-29-02:35:53 93866 INFO:      MAXPROCNO: 32
2020-10-29-02:35:53 92785 INFO: Forked process:  94295 0
2020-10-29-02:35:53 94014 INFO:  FINAL_LOG_DIR: ./log
2020-10-29-02:35:53 94133 INFO: CONNECT_STRING: CGSYSADM/**********@T17BSCS
2020-10-29-02:35:53 93795 INFO:         PROCID: 20
2020-10-29-02:35:53 94091 INFO:       MAXRECNO: 1000000000
2020-10-29-02:35:53 93826 INFO:      MAXPROCNO: 32
2020-10-29-02:35:53 93952 INFO:    TMP_LOG_DIR: /tmp
2020-10-29-02:35:53 93911 INFO:  FINAL_LOG_DIR: ./log
2020-10-29-02:35:53 94190 INFO:       MAXRECNO: 1000000000
2020-10-29-02:35:53 94295 INFO: Using the following options
2020-10-29-02:35:53 93704 INFO:  CALLCLEANPROC: CleanBulk
2020-10-29-02:35:53 94133 INFO:       MAXYEARS: 6
2020-10-29-02:35:53 93686 INFO: Starting process: 17
2020-10-29-02:35:53 94014 INFO:      MAXPROCNO: 32
2020-10-29-02:35:53 92785 INFO: Forked process:  94368 0
2020-10-29-02:35:53 93866 INFO:         PROCID: 22
2020-10-29-02:35:53 93762 INFO: Starting process: 19
2020-10-29-02:35:53 93826 INFO:         PROCID: 21
2020-10-29-02:35:53 94091 INFO:   TRANPACKSIZE: 500
2020-10-29-02:35:53 94243 INFO: CONNECT_STRING: CGSYSADM/**********@T17BSCS
2020-10-29-02:35:53 93795 INFO:        VERBOSE: 0
2020-10-29-02:35:53 93911 INFO:      MAXPROCNO: 32
2020-10-29-02:35:53 93686 DEBUG/229: SQL: declare
	recs_del_fees_ohxact NUMBER := 0;
	recs_del_fees NUMBER := 0;
begin
	CGSYSADM.BCH_MAINTENANCE.CleanProcRun(17, recs_del_fees_ohxact, recs_del_fees, 'ROLLBACK', 500);
	dbms_output.put_line(recs_del_fees_ohxact || ', ' || recs_del_fees);
end;

2020-10-29-02:35:53 93866 INFO:        VERBOSE: 0
2020-10-29-02:35:53 93704 INFO: Starting process: 18
2020-10-29-02:35:53 94368 INFO: Started SH_RETENTION_FEES - args: -P 32 -p 31 -t -l ./log
2020-10-29-02:35:53 94133 INFO:       MAXRECNO: 1000000000
2020-10-29-02:35:53 93952 INFO:  FINAL_LOG_DIR: ./log
2020-10-29-02:35:53 93762 DEBUG/229: SQL: declare
	recs_del_fees_ohxact NUMBER := 0;
	recs_del_fees NUMBER := 0;
begin
	CGSYSADM.BCH_MAINTENANCE.CleanProcRun(19, recs_del_fees_ohxact, recs_del_fees, 'ROLLBACK', 500);
	dbms_output.put_line(recs_del_fees_ohxact || ', ' || recs_del_fees);
end;

2020-10-29-02:35:53 94190 INFO:   TRANPACKSIZE: 500
2020-10-29-02:35:53 93826 INFO:        VERBOSE: 0
2020-10-29-02:35:53 94405 INFO: Started SH_RETENTION_FEES - args: -P 32 -p 32 -t -l ./log
2020-10-29-02:35:53 94014 INFO:         PROCID: 25
2020-10-29-02:35:53 93795 INFO:  CALLCLEANPROC: CleanBulk
2020-10-29-02:35:53 93866 INFO:  CALLCLEANPROC: CleanBulk
2020-10-29-02:35:53 94091 INFO:         OPMODE: ROLLBACK
2020-10-29-02:35:53 92785 INFO: Forked process:  94405 0
2020-10-29-02:35:53 94133 INFO:   TRANPACKSIZE: 500
2020-10-29-02:35:53 94368 INFO: Using the following options
2020-10-29-02:35:53 94295 INFO: CONNECT_STRING: CGSYSADM/**********@T17BSCS
2020-10-29-02:35:53 94014 INFO:        VERBOSE: 0
2020-10-29-02:35:53 93826 INFO:  CALLCLEANPROC: CleanBulk
2020-10-29-02:35:53 94243 INFO:       MAXYEARS: 6
2020-10-29-02:35:53 93952 INFO:      MAXPROCNO: 32
2020-10-29-02:35:53 93704 DEBUG/229: SQL: declare
	recs_del_fees_ohxact NUMBER := 0;
	recs_del_fees NUMBER := 0;
begin
	CGSYSADM.BCH_MAINTENANCE.CleanProcRun(18, recs_del_fees_ohxact, recs_del_fees, 'ROLLBACK', 500);
	dbms_output.put_line(recs_del_fees_ohxact || ', ' || recs_del_fees);
end;

2020-10-29-02:35:53 93866 INFO: Starting process: 22
2020-10-29-02:35:53 93911 INFO:         PROCID: 23
2020-10-29-02:35:53 93795 INFO: Starting process: 20
2020-10-29-02:35:53 94091 INFO:    TMP_LOG_DIR: /tmp
2020-10-29-02:35:53 94014 INFO:  CALLCLEANPROC: CleanBulk
2020-10-29-02:35:53 94190 INFO:         OPMODE: ROLLBACK
2020-10-29-02:35:53 93866 DEBUG/229: SQL: declare
	recs_del_fees_ohxact NUMBER := 0;
	recs_del_fees NUMBER := 0;
begin
	CGSYSADM.BCH_MAINTENANCE.CleanProcRun(22, recs_del_fees_ohxact, recs_del_fees, 'ROLLBACK', 500);
	dbms_output.put_line(recs_del_fees_ohxact || ', ' || recs_del_fees);
end;

2020-10-29-02:35:53 94295 INFO:       MAXYEARS: 6
2020-10-29-02:35:53 94243 INFO:       MAXRECNO: 1000000000
2020-10-29-02:35:53 94014 INFO: Starting process: 25
2020-10-29-02:35:53 94133 INFO:         OPMODE: ROLLBACK
2020-10-29-02:35:53 94368 INFO: CONNECT_STRING: CGSYSADM/**********@T17BSCS
2020-10-29-02:35:53 93826 INFO: Starting process: 21
2020-10-29-02:35:53 94091 INFO:  FINAL_LOG_DIR: ./log
2020-10-29-02:35:53 93952 INFO:         PROCID: 24
2020-10-29-02:35:53 93911 INFO:        VERBOSE: 0
2020-10-29-02:35:53 94014 DEBUG/229: SQL: declare
	recs_del_fees_ohxact NUMBER := 0;
	recs_del_fees NUMBER := 0;
begin
	CGSYSADM.BCH_MAINTENANCE.CleanProcRun(25, recs_del_fees_ohxact, recs_del_fees, 'ROLLBACK', 500);
	dbms_output.put_line(recs_del_fees_ohxact || ', ' || recs_del_fees);
end;

2020-10-29-02:35:53 94405 INFO: Using the following options
2020-10-29-02:35:53 94190 INFO:    TMP_LOG_DIR: /tmp
2020-10-29-02:35:53 94243 INFO:   TRANPACKSIZE: 500
2020-10-29-02:35:53 94295 INFO:       MAXRECNO: 1000000000
2020-10-29-02:35:53 94133 INFO:    TMP_LOG_DIR: /tmp
2020-10-29-02:35:53 94368 INFO:       MAXYEARS: 6
2020-10-29-02:35:53 94091 INFO:      MAXPROCNO: 32
2020-10-29-02:35:53 94133 INFO:  FINAL_LOG_DIR: ./log
2020-10-29-02:35:53 94368 INFO:       MAXRECNO: 1000000000
2020-10-29-02:35:53 94295 INFO:   TRANPACKSIZE: 500
2020-10-29-02:35:53 93795 DEBUG/229: SQL: declare
	recs_del_fees_ohxact NUMBER := 0;
	recs_del_fees NUMBER := 0;
begin
	CGSYSADM.BCH_MAINTENANCE.CleanProcRun(20, recs_del_fees_ohxact, recs_del_fees, 'ROLLBACK', 500);
	dbms_output.put_line(recs_del_fees_ohxact || ', ' || recs_del_fees);
end;

2020-10-29-02:35:53 94243 INFO:         OPMODE: ROLLBACK
2020-10-29-02:35:53 94405 INFO: CONNECT_STRING: CGSYSADM/**********@T17BSCS
2020-10-29-02:35:53 93952 INFO:        VERBOSE: 0
2020-10-29-02:35:53 94190 INFO:  FINAL_LOG_DIR: ./log
2020-10-29-02:35:53 94091 INFO:         PROCID: 26
2020-10-29-02:35:53 94243 INFO:    TMP_LOG_DIR: /tmp
2020-10-29-02:35:53 94405 INFO:       MAXYEARS: 6
2020-10-29-02:35:53 94133 INFO:      MAXPROCNO: 32
2020-10-29-02:35:53 94190 INFO:      MAXPROCNO: 32
2020-10-29-02:35:53 93826 DEBUG/229: SQL: declare
	recs_del_fees_ohxact NUMBER := 0;
	recs_del_fees NUMBER := 0;
begin
	CGSYSADM.BCH_MAINTENANCE.CleanProcRun(21, recs_del_fees_ohxact, recs_del_fees, 'ROLLBACK', 500);
	dbms_output.put_line(recs_del_fees_ohxact || ', ' || recs_del_fees);
end;

2020-10-29-02:35:53 94368 INFO:   TRANPACKSIZE: 500
2020-10-29-02:35:53 94405 INFO:       MAXRECNO: 1000000000
2020-10-29-02:35:53 94133 INFO:         PROCID: 27
2020-10-29-02:35:53 93952 INFO:  CALLCLEANPROC: CleanBulk
2020-10-29-02:35:53 94295 INFO:         OPMODE: ROLLBACK
2020-10-29-02:35:54 94243 INFO:  FINAL_LOG_DIR: ./log
2020-10-29-02:35:54 94405 INFO:   TRANPACKSIZE: 500
2020-10-29-02:35:53 93911 INFO:  CALLCLEANPROC: CleanBulk
2020-10-29-02:35:53 94091 INFO:        VERBOSE: 0
2020-10-29-02:35:54 94133 INFO:        VERBOSE: 0
2020-10-29-02:35:54 94190 INFO:         PROCID: 28
2020-10-29-02:35:54 94295 INFO:    TMP_LOG_DIR: /tmp
2020-10-29-02:35:54 94091 INFO:  CALLCLEANPROC: CleanBulk
2020-10-29-02:35:54 93911 INFO: Starting process: 23
2020-10-29-02:35:54 94133 INFO:  CALLCLEANPROC: CleanBulk
2020-10-29-02:35:54 94190 INFO:        VERBOSE: 0
2020-10-29-02:35:54 93952 INFO: Starting process: 24
2020-10-29-02:35:54 94368 INFO:         OPMODE: ROLLBACK
2020-10-29-02:35:54 94243 INFO:      MAXPROCNO: 32
2020-10-29-02:35:54 94405 INFO:         OPMODE: ROLLBACK
2020-10-29-02:35:54 94091 INFO: Starting process: 26
2020-10-29-02:35:54 94190 INFO:  CALLCLEANPROC: CleanBulk
2020-10-29-02:35:54 93911 DEBUG/229: SQL: declare
	recs_del_fees_ohxact NUMBER := 0;
	recs_del_fees NUMBER := 0;
begin
	CGSYSADM.BCH_MAINTENANCE.CleanProcRun(23, recs_del_fees_ohxact, recs_del_fees, 'ROLLBACK', 500);
	dbms_output.put_line(recs_del_fees_ohxact || ', ' || recs_del_fees);
end;

2020-10-29-02:35:54 94295 INFO:  FINAL_LOG_DIR: ./log
2020-10-29-02:35:54 93952 DEBUG/229: SQL: declare
	recs_del_fees_ohxact NUMBER := 0;
	recs_del_fees NUMBER := 0;
begin
	CGSYSADM.BCH_MAINTENANCE.CleanProcRun(24, recs_del_fees_ohxact, recs_del_fees, 'ROLLBACK', 500);
	dbms_output.put_line(recs_del_fees_ohxact || ', ' || recs_del_fees);
end;

2020-10-29-02:35:54 94368 INFO:    TMP_LOG_DIR: /tmp
2020-10-29-02:35:54 94133 INFO: Starting process: 27
2020-10-29-02:35:54 94243 INFO:         PROCID: 29
2020-10-29-02:35:54 94405 INFO:    TMP_LOG_DIR: /tmp
2020-10-29-02:35:54 94091 DEBUG/229: SQL: declare
	recs_del_fees_ohxact NUMBER := 0;
	recs_del_fees NUMBER := 0;
begin
	CGSYSADM.BCH_MAINTENANCE.CleanProcRun(26, recs_del_fees_ohxact, recs_del_fees, 'ROLLBACK', 500);
	dbms_output.put_line(recs_del_fees_ohxact || ', ' || recs_del_fees);
end;

2020-10-29-02:35:54 94243 INFO:        VERBOSE: 0
2020-10-29-02:35:54 94295 INFO:      MAXPROCNO: 32
2020-10-29-02:35:54 94133 DEBUG/229: SQL: declare
	recs_del_fees_ohxact NUMBER := 0;
	recs_del_fees NUMBER := 0;
begin
	CGSYSADM.BCH_MAINTENANCE.CleanProcRun(27, recs_del_fees_ohxact, recs_del_fees, 'ROLLBACK', 500);
	dbms_output.put_line(recs_del_fees_ohxact || ', ' || recs_del_fees);
end;

2020-10-29-02:35:54 94190 INFO: Starting process: 28
2020-10-29-02:35:54 94368 INFO:  FINAL_LOG_DIR: ./log
2020-10-29-02:35:54 94243 INFO:  CALLCLEANPROC: CleanBulk
2020-10-29-02:35:54 94405 INFO:  FINAL_LOG_DIR: ./log
2020-10-29-02:35:54 94368 INFO:      MAXPROCNO: 32
2020-10-29-02:35:54 94190 DEBUG/229: SQL: declare
	recs_del_fees_ohxact NUMBER := 0;
	recs_del_fees NUMBER := 0;
begin
	CGSYSADM.BCH_MAINTENANCE.CleanProcRun(28, recs_del_fees_ohxact, recs_del_fees, 'ROLLBACK', 500);
	dbms_output.put_line(recs_del_fees_ohxact || ', ' || recs_del_fees);
end;

2020-10-29-02:35:54 94295 INFO:         PROCID: 30
2020-10-29-02:35:54 94368 INFO:         PROCID: 31
2020-10-29-02:35:54 94243 INFO: Starting process: 29
2020-10-29-02:35:54 94368 INFO:        VERBOSE: 0
2020-10-29-02:35:54 94295 INFO:        VERBOSE: 0
2020-10-29-02:35:54 94405 INFO:      MAXPROCNO: 32
2020-10-29-02:35:54 94243 DEBUG/229: SQL: declare
	recs_del_fees_ohxact NUMBER := 0;
	recs_del_fees NUMBER := 0;
begin
	CGSYSADM.BCH_MAINTENANCE.CleanProcRun(29, recs_del_fees_ohxact, recs_del_fees, 'ROLLBACK', 500);
	dbms_output.put_line(recs_del_fees_ohxact || ', ' || recs_del_fees);
end;

2020-10-29-02:35:54 94368 INFO:  CALLCLEANPROC: CleanBulk
2020-10-29-02:35:54 94295 INFO:  CALLCLEANPROC: CleanBulk
2020-10-29-02:35:54 94405 INFO:         PROCID: 32
2020-10-29-02:35:54 94368 INFO: Starting process: 31
2020-10-29-02:35:54 94295 INFO: Starting process: 30
2020-10-29-02:35:54 94405 INFO:        VERBOSE: 0
2020-10-29-02:35:54 94405 INFO:  CALLCLEANPROC: CleanBulk
2020-10-29-02:35:54 94295 DEBUG/229: SQL: declare
	recs_del_fees_ohxact NUMBER := 0;
	recs_del_fees NUMBER := 0;
begin
	CGSYSADM.BCH_MAINTENANCE.CleanProcRun(30, recs_del_fees_ohxact, recs_del_fees, 'ROLLBACK', 500);
	dbms_output.put_line(recs_del_fees_ohxact || ', ' || recs_del_fees);
end;

2020-10-29-02:35:54 94368 DEBUG/229: SQL: declare
	recs_del_fees_ohxact NUMBER := 0;
	recs_del_fees NUMBER := 0;
begin
	CGSYSADM.BCH_MAINTENANCE.CleanProcRun(31, recs_del_fees_ohxact, recs_del_fees, 'ROLLBACK', 500);
	dbms_output.put_line(recs_del_fees_ohxact || ', ' || recs_del_fees);
end;

2020-10-29-02:35:54 94405 INFO: Starting process: 32
2020-10-29-02:35:54 94405 DEBUG/229: SQL: declare
	recs_del_fees_ohxact NUMBER := 0;
	recs_del_fees NUMBER := 0;
begin
	CGSYSADM.BCH_MAINTENANCE.CleanProcRun(32, recs_del_fees_ohxact, recs_del_fees, 'ROLLBACK', 500);
	dbms_output.put_line(recs_del_fees_ohxact || ', ' || recs_del_fees);
end;

2020-10-29-02:53:53 93543 DEBUG/257: Result: 476572, 524929
2020-10-29-02:53:53 93273 DEBUG/257: Result: 476312, 524929
2020-10-29-02:53:53 94133 DEBUG/257: Result: 476467, 524928
2020-10-29-02:53:53 94133 DEBUG/258: Done: ROLLBACK
2020-10-29-02:53:53 93273 DEBUG/258: Done: ROLLBACK
2020-10-29-02:53:53 93543 DEBUG/258: Done: ROLLBACK
2020-10-29-02:53:53 93911 DEBUG/257: Result: 477283, 524929
2020-10-29-02:53:53 93273 INFO: Finished process: 8
2020-10-29-02:53:53 94133 INFO: Finished process: 27
2020-10-29-02:53:53 93543 INFO: Finished process: 15
2020-10-29-02:53:53 94133 INFO: Finished SH_RETENTION_FEES - status: 0
2020-10-29-02:53:53 93273 INFO: Finished SH_RETENTION_FEES - status: 0
2020-10-29-02:53:53 93911 DEBUG/258: Done: ROLLBACK
2020-10-29-02:53:53 93543 INFO: Finished SH_RETENTION_FEES - status: 0
2020-10-29-02:53:53 93911 INFO: Finished process: 23
2020-10-29-02:53:53 93451 DEBUG/257: Result: 477416, 524929
2020-10-29-02:53:53 93181 DEBUG/257: Result: 477369, 524929
2020-10-29-02:53:53 93911 INFO: Finished SH_RETENTION_FEES - status: 0
2020-10-29-02:53:53 93195 DEBUG/257: Result: 476366, 524929
2020-10-29-02:53:53 93451 DEBUG/258: Done: ROLLBACK
2020-10-29-02:53:53 93952 DEBUG/257: Result: 476425, 524929
2020-10-29-02:53:53 93186 DEBUG/257: Result: 476206, 524929
2020-10-29-02:53:53 93181 DEBUG/258: Done: ROLLBACK
2020-10-29-02:53:53 93866 DEBUG/257: Result: 476833, 524929
2020-10-29-02:53:53 94014 DEBUG/257: Result: 476471, 524929
2020-10-29-02:53:53 93952 DEBUG/258: Done: ROLLBACK
2020-10-29-02:53:53 94190 DEBUG/257: Result: 476745, 524928
2020-10-29-02:53:53 93866 DEBUG/258: Done: ROLLBACK
2020-10-29-02:53:53 93296 DEBUG/257: Result: 476718, 524929
2020-10-29-02:53:53 93632 DEBUG/257: Result: 476241, 524929
2020-10-29-02:53:53 94190 DEBUG/258: Done: ROLLBACK
2020-10-29-02:53:53 93186 DEBUG/258: Done: ROLLBACK
2020-10-29-02:53:53 93952 INFO: Finished process: 24
2020-10-29-02:53:53 93632 DEBUG/258: Done: ROLLBACK
2020-10-29-02:53:53 93181 INFO: Finished process: 1
2020-10-29-02:53:53 93704 DEBUG/257: Result: 475952, 524929
2020-10-29-02:53:53 93451 INFO: Finished process: 13
2020-10-29-02:53:53 93195 DEBUG/258: Done: ROLLBACK
2020-10-29-02:53:53 94014 DEBUG/258: Done: ROLLBACK
2020-10-29-02:53:53 93762 DEBUG/257: Result: 476747, 524929
2020-10-29-02:53:53 93221 DEBUG/257: Result: 476761, 524929
2020-10-29-02:53:53 93206 DEBUG/257: Result: 476229, 524929
2020-10-29-02:53:53 93866 INFO: Finished process: 22
2020-10-29-02:53:53 93331 DEBUG/257: Result: 477228, 524929
2020-10-29-02:53:53 93374 DEBUG/257: Result: 476437, 524929
2020-10-29-02:53:53 93296 DEBUG/258: Done: ROLLBACK
2020-10-29-02:53:54 93411 DEBUG/257: Result: 476726, 524929
2020-10-29-02:53:53 93496 DEBUG/257: Result: 476131, 524929
2020-10-29-02:53:54 93181 INFO: Finished SH_RETENTION_FEES - status: 0
2020-10-29-02:53:54 93952 INFO: Finished SH_RETENTION_FEES - status: 0
2020-10-29-02:53:54 93451 INFO: Finished SH_RETENTION_FEES - status: 0
2020-10-29-02:53:54 93237 DEBUG/257: Result: 476580, 524929
2020-10-29-02:53:54 93762 DEBUG/258: Done: ROLLBACK
2020-10-29-02:53:54 94190 INFO: Finished process: 28
2020-10-29-02:53:54 93186 INFO: Finished process: 2
2020-10-29-02:53:54 93496 DEBUG/258: Done: ROLLBACK
2020-10-29-02:53:54 93632 INFO: Finished process: 16
2020-10-29-02:53:54 93331 DEBUG/258: Done: ROLLBACK
2020-10-29-02:53:54 94295 DEBUG/257: Result: 477341, 524928
2020-10-29-02:53:54 93686 DEBUG/257: Result: 475710, 524929
2020-10-29-02:53:54 94190 INFO: Finished SH_RETENTION_FEES - status: 0
2020-10-29-02:53:54 93704 DEBUG/258: Done: ROLLBACK
2020-10-29-02:53:54 93632 INFO: Finished SH_RETENTION_FEES - status: 0
2020-10-29-02:53:54 93206 DEBUG/258: Done: ROLLBACK
2020-10-29-02:53:54 93296 INFO: Finished process: 9
2020-10-29-02:53:54 93866 INFO: Finished SH_RETENTION_FEES - status: 0
2020-10-29-02:53:54 93411 DEBUG/258: Done: ROLLBACK
2020-10-29-02:53:54 93795 DEBUG/257: Result: 476719, 524929
2020-10-29-02:53:54 93221 DEBUG/258: Done: ROLLBACK
2020-10-29-02:53:54 93195 INFO: Finished process: 3
2020-10-29-02:53:54 93255 DEBUG/257: Result: 476684, 524929
2020-10-29-02:53:54 93374 DEBUG/258: Done: ROLLBACK
2020-10-29-02:53:54 93296 INFO: Finished SH_RETENTION_FEES - status: 0
2020-10-29-02:53:54 93331 INFO: Finished process: 10
2020-10-29-02:53:54 94014 INFO: Finished process: 25
2020-10-29-02:53:54 93762 INFO: Finished process: 19
2020-10-29-02:53:54 93195 INFO: Finished SH_RETENTION_FEES - status: 0
2020-10-29-02:53:54 93186 INFO: Finished SH_RETENTION_FEES - status: 0
2020-10-29-02:53:54 93237 DEBUG/258: Done: ROLLBACK
2020-10-29-02:53:54 93496 INFO: Finished process: 14
2020-10-29-02:53:54 94295 DEBUG/258: Done: ROLLBACK
2020-10-29-02:53:54 93795 DEBUG/258: Done: ROLLBACK
2020-10-29-02:53:54 94014 INFO: Finished SH_RETENTION_FEES - status: 0
2020-10-29-02:53:54 93374 INFO: Finished process: 11
2020-10-29-02:53:54 93221 INFO: Finished process: 5
2020-10-29-02:53:54 93331 INFO: Finished SH_RETENTION_FEES - status: 0
2020-10-29-02:53:54 93704 INFO: Finished process: 18
2020-10-29-02:53:54 93255 DEBUG/258: Done: ROLLBACK
2020-10-29-02:53:54 93704 INFO: Finished SH_RETENTION_FEES - status: 0
2020-10-29-02:53:54 93221 INFO: Finished SH_RETENTION_FEES - status: 0
2020-10-29-02:53:54 93374 INFO: Finished SH_RETENTION_FEES - status: 0
2020-10-29-02:53:54 93762 INFO: Finished SH_RETENTION_FEES - status: 0
2020-10-29-02:53:54 93496 INFO: Finished SH_RETENTION_FEES - status: 0
2020-10-29-02:53:54 93686 DEBUG/258: Done: ROLLBACK
2020-10-29-02:53:54 93206 INFO: Finished process: 4
2020-10-29-02:53:54 93411 INFO: Finished process: 12
2020-10-29-02:53:54 93795 INFO: Finished process: 20
2020-10-29-02:53:54 93237 INFO: Finished process: 6
2020-10-29-02:53:54 93795 INFO: Finished SH_RETENTION_FEES - status: 0
2020-10-29-02:53:54 93255 INFO: Finished process: 7
2020-10-29-02:53:54 93411 INFO: Finished SH_RETENTION_FEES - status: 0
2020-10-29-02:53:54 93255 INFO: Finished SH_RETENTION_FEES - status: 0
2020-10-29-02:53:54 93237 INFO: Finished SH_RETENTION_FEES - status: 0
2020-10-29-02:53:54 94295 INFO: Finished process: 30
2020-10-29-02:53:54 93206 INFO: Finished SH_RETENTION_FEES - status: 0
2020-10-29-02:53:54 93686 INFO: Finished process: 17
2020-10-29-02:53:54 94295 INFO: Finished SH_RETENTION_FEES - status: 0
2020-10-29-02:53:54 93686 INFO: Finished SH_RETENTION_FEES - status: 0
2020-10-29-02:56:40 94091 DEBUG/257: Result: 476554, 524929
2020-10-29-02:56:40 94091 DEBUG/258: Done: ROLLBACK
2020-10-29-02:56:40 94091 INFO: Finished process: 26
2020-10-29-02:56:40 94091 INFO: Finished SH_RETENTION_FEES - status: 0
2020-10-29-02:56:40 93826 DEBUG/257: Result: 476496, 524929
2020-10-29-02:56:40 94243 DEBUG/257: Result: 476521, 524928
2020-10-29-02:56:40 93826 DEBUG/258: Done: ROLLBACK
2020-10-29-02:56:40 94243 DEBUG/258: Done: ROLLBACK
2020-10-29-02:56:40 93826 INFO: Finished process: 21
2020-10-29-02:56:40 93826 INFO: Finished SH_RETENTION_FEES - status: 0
2020-10-29-02:56:40 94243 INFO: Finished process: 29
2020-10-29-02:56:40 94243 INFO: Finished SH_RETENTION_FEES - status: 0
2020-10-29-02:56:41 94405 DEBUG/257: Result: 476601, 524928
2020-10-29-02:56:41 94405 DEBUG/258: Done: ROLLBACK
2020-10-29-02:56:41 94405 INFO: Finished process: 32
2020-10-29-02:56:41 94405 INFO: Finished SH_RETENTION_FEES - status: 0
2020-10-29-02:56:41 94368 DEBUG/257: Result: 476373, 524928
2020-10-29-02:56:41 94368 DEBUG/258: Done: ROLLBACK
2020-10-29-02:56:41 94368 INFO: Finished process: 31
2020-10-29-02:56:41 94368 INFO: Finished SH_RETENTION_FEES - status: 0
2020-10-29-02:56:41 92785 INFO: Success in wait
2020-10-29-02:56:41 92785 INFO: Success in wait
2020-10-29-02:56:41 92785 INFO: Success in wait
2020-10-29-02:56:41 92785 INFO: Success in wait
2020-10-29-02:56:41 92785 INFO: Success in wait
2020-10-29-02:56:41 92785 INFO: Success in wait
2020-10-29-02:56:41 92785 INFO: Success in wait
2020-10-29-02:56:41 92785 INFO: Success in wait
2020-10-29-02:56:41 92785 INFO: Success in wait
2020-10-29-02:56:41 92785 INFO: Success in wait
2020-10-29-02:56:41 92785 INFO: Success in wait
2020-10-29-02:56:41 92785 INFO: Success in wait
2020-10-29-02:56:41 92785 INFO: Success in wait
2020-10-29-02:56:41 92785 INFO: Success in wait
2020-10-29-02:56:41 92785 INFO: Success in wait
2020-10-29-02:56:41 92785 INFO: Success in wait
2020-10-29-02:56:41 92785 INFO: Success in wait
2020-10-29-02:56:42 92785 INFO: Success in wait
2020-10-29-02:56:42 92785 INFO: Success in wait
2020-10-29-02:56:42 92785 INFO: Success in wait
2020-10-29-02:56:42 92785 INFO: Success in wait
2020-10-29-02:56:42 92785 INFO: Success in wait
2020-10-29-02:56:42 92785 INFO: Success in wait
2020-10-29-02:56:42 92785 INFO: Success in wait
2020-10-29-02:56:42 92785 INFO: Success in wait
2020-10-29-02:56:42 92785 INFO: Success in wait
2020-10-29-02:56:42 92785 INFO: Success in wait
2020-10-29-02:56:42 92785 INFO: Success in wait
2020-10-29-02:56:42 92785 INFO: Success in wait
2020-10-29-02:56:42 92785 INFO: Success in wait
2020-10-29-02:56:42 92785 INFO: Success in wait
2020-10-29-02:56:42 92785 INFO: Success in wait
2020-10-29-02:56:42 92785 INFO: Success in wait

real	77m7.914s
user	0m3.179s
sys	0m17.499s

