17bscs@aixtestapp5:/apps/bscs/t17bscs/_private/nbo/HRM-4108 $ cat out.lst
2020-10-29-10:25:17 4915320 INFO: Started SH_RETENTION_FEES - args: -s Clean -t -l .
2020-10-29-10:25:17 4915320 INFO: Using the following options
2020-10-29-10:25:17 4915320 INFO: CONNECT_STRING: CGSYSADM/**********@T17BSCS
2020-10-29-10:25:17 4915320 INFO:       MAXYEARS: 6
2020-10-29-10:25:17 4915320 INFO:       MAXRECNO: 1000000000
2020-10-29-10:25:17 4915320 INFO:   TRANPACKSIZE: 500
2020-10-29-10:25:17 4915320 INFO:         OPMODE: ROLLBACK
2020-10-29-10:25:17 4915320 INFO:    TMP_LOG_DIR: /tmp
2020-10-29-10:25:17 4915320 INFO:  FINAL_LOG_DIR: .
2020-10-29-10:25:17 4915320 INFO:      MAXPROCNO: 0
2020-10-29-10:25:17 4915320 INFO:         PROCID: 0
2020-10-29-10:25:17 4915320 INFO:        VERBOSE: 0
2020-10-29-10:25:17 4915320 INFO:  CALLCLEANPROC: Clean
2020-10-29-10:25:17 4915320 INFO: Cleaning table(s): FEES, FEES_OHXACT
2020-10-29-10:25:17 4915320 DEBUG/229: SQL: declare
        recs_del_fees_ohxact NUMBER := 0;
        recs_del_fees NUMBER := 0;
begin
        CGSYSADM.BCH_MAINTENANCE.Clean(recs_del_fees_ohxact, recs_del_fees, 6, 'ROLLBACK', 500, 1000000000);
        dbms_output.put_line(recs_del_fees_ohxact || ', ' || recs_del_fees);
end;

2020-10-29-13:29:18 4915320 DEBUG/257: Result: 15168107, 16797722
2020-10-29-13:29:18 4915320 DEBUG/258: Done: ROLLBACK
2020-10-29-13:29:18 4915320 INFO: Deleted FEES, FEES_OHXACT records: 15168107,16797722
2020-10-29-13:29:18 4915320 INFO: Finished SH_RETENTION_FEES - status: 0

real   11041.17
user   0.05
sys    0.04

